{"/Users/sushant/Desktop/mine/src/Components/Helpers/index.js": {"path":"/Users/sushant/Desktop/mine/src/Components/Helpers/index.js","statementMap":{"0":{"start":{"line":2,"column":31},"end":{"line":4,"column":1}},"1":{"start":{"line":3,"column":2},"end":{"line":3,"column":53}},"2":{"start":{"line":6,"column":18},"end":{"line":41,"column":1}},"3":{"start":{"line":7,"column":13},"end":{"line":7,"column":15}},"4":{"start":{"line":9,"column":2},"end":{"line":11,"column":3}},"5":{"start":{"line":10,"column":4},"end":{"line":10,"column":28}},"6":{"start":{"line":13,"column":2},"end":{"line":15,"column":3}},"7":{"start":{"line":14,"column":4},"end":{"line":14,"column":28}},"8":{"start":{"line":17,"column":2},"end":{"line":19,"column":3}},"9":{"start":{"line":18,"column":4},"end":{"line":18,"column":28}},"10":{"start":{"line":21,"column":2},"end":{"line":23,"column":3}},"11":{"start":{"line":22,"column":4},"end":{"line":22,"column":28}},"12":{"start":{"line":25,"column":2},"end":{"line":27,"column":3}},"13":{"start":{"line":26,"column":4},"end":{"line":26,"column":32}},"14":{"start":{"line":29,"column":2},"end":{"line":31,"column":3}},"15":{"start":{"line":30,"column":4},"end":{"line":30,"column":32}},"16":{"start":{"line":33,"column":2},"end":{"line":35,"column":3}},"17":{"start":{"line":34,"column":4},"end":{"line":34,"column":32}},"18":{"start":{"line":37,"column":2},"end":{"line":39,"column":3}},"19":{"start":{"line":38,"column":4},"end":{"line":38,"column":32}},"20":{"start":{"line":40,"column":2},"end":{"line":40,"column":12}},"21":{"start":{"line":43,"column":29},"end":{"line":64,"column":1}},"22":{"start":{"line":44,"column":20},"end":{"line":44,"column":24}},"23":{"start":{"line":45,"column":2},"end":{"line":62,"column":3}},"24":{"start":{"line":45,"column":15},"end":{"line":45,"column":16}},"25":{"start":{"line":46,"column":4},"end":{"line":61,"column":5}},"26":{"start":{"line":46,"column":17},"end":{"line":46,"column":18}},"27":{"start":{"line":48,"column":6},"end":{"line":60,"column":7}},"28":{"start":{"line":49,"column":19},"end":{"line":49,"column":20}},"29":{"start":{"line":50,"column":26},"end":{"line":50,"column":84}},"30":{"start":{"line":51,"column":8},"end":{"line":55,"column":11}},"31":{"start":{"line":52,"column":10},"end":{"line":54,"column":11}},"32":{"start":{"line":53,"column":12},"end":{"line":53,"column":19}},"33":{"start":{"line":56,"column":8},"end":{"line":56,"column":43}},"34":{"start":{"line":57,"column":8},"end":{"line":59,"column":9}},"35":{"start":{"line":58,"column":10},"end":{"line":58,"column":43}},"36":{"start":{"line":63,"column":2},"end":{"line":63,"column":21}},"37":{"start":{"line":66,"column":25},"end":{"line":74,"column":1}},"38":{"start":{"line":67,"column":20},"end":{"line":67,"column":24}},"39":{"start":{"line":68,"column":2},"end":{"line":72,"column":5}},"40":{"start":{"line":69,"column":4},"end":{"line":71,"column":7}},"41":{"start":{"line":70,"column":6},"end":{"line":70,"column":42}},"42":{"start":{"line":73,"column":2},"end":{"line":73,"column":21}},"43":{"start":{"line":76,"column":33},"end":{"line":87,"column":1}},"44":{"start":{"line":78,"column":18},"end":{"line":78,"column":20}},"45":{"start":{"line":79,"column":2},"end":{"line":85,"column":5}},"46":{"start":{"line":80,"column":4},"end":{"line":84,"column":7}},"47":{"start":{"line":81,"column":6},"end":{"line":83,"column":7}},"48":{"start":{"line":82,"column":8},"end":{"line":82,"column":33}},"49":{"start":{"line":86,"column":2},"end":{"line":86,"column":19}},"50":{"start":{"line":89,"column":29},"end":{"line":101,"column":1}},"51":{"start":{"line":90,"column":20},"end":{"line":90,"column":56}},"52":{"start":{"line":91,"column":2},"end":{"line":99,"column":5}},"53":{"start":{"line":92,"column":4},"end":{"line":98,"column":5}},"54":{"start":{"line":93,"column":6},"end":{"line":93,"column":45}},"55":{"start":{"line":94,"column":6},"end":{"line":97,"column":7}},"56":{"start":{"line":96,"column":8},"end":{"line":96,"column":59}},"57":{"start":{"line":100,"column":2},"end":{"line":100,"column":14}}},"fnMap":{"0":{"name":"(anonymous_0)","decl":{"start":{"line":2,"column":31},"end":{"line":2,"column":32}},"loc":{"start":{"line":2,"column":39},"end":{"line":4,"column":1}},"line":2},"1":{"name":"(anonymous_1)","decl":{"start":{"line":6,"column":18},"end":{"line":6,"column":19}},"loc":{"start":{"line":6,"column":49},"end":{"line":41,"column":1}},"line":6},"2":{"name":"(anonymous_2)","decl":{"start":{"line":43,"column":29},"end":{"line":43,"column":30}},"loc":{"start":{"line":43,"column":54},"end":{"line":64,"column":1}},"line":43},"3":{"name":"(anonymous_3)","decl":{"start":{"line":51,"column":26},"end":{"line":51,"column":27}},"loc":{"start":{"line":51,"column":35},"end":{"line":55,"column":9}},"line":51},"4":{"name":"(anonymous_4)","decl":{"start":{"line":66,"column":25},"end":{"line":66,"column":26}},"loc":{"start":{"line":66,"column":33},"end":{"line":74,"column":1}},"line":66},"5":{"name":"(anonymous_5)","decl":{"start":{"line":68,"column":18},"end":{"line":68,"column":19}},"loc":{"start":{"line":68,"column":29},"end":{"line":72,"column":3}},"line":68},"6":{"name":"(anonymous_6)","decl":{"start":{"line":69,"column":23},"end":{"line":69,"column":24}},"loc":{"start":{"line":69,"column":35},"end":{"line":71,"column":5}},"line":69},"7":{"name":"(anonymous_7)","decl":{"start":{"line":76,"column":33},"end":{"line":76,"column":34}},"loc":{"start":{"line":76,"column":41},"end":{"line":87,"column":1}},"line":76},"8":{"name":"(anonymous_8)","decl":{"start":{"line":79,"column":11},"end":{"line":79,"column":12}},"loc":{"start":{"line":79,"column":22},"end":{"line":85,"column":3}},"line":79},"9":{"name":"(anonymous_9)","decl":{"start":{"line":80,"column":23},"end":{"line":80,"column":24}},"loc":{"start":{"line":80,"column":35},"end":{"line":84,"column":5}},"line":80},"10":{"name":"(anonymous_10)","decl":{"start":{"line":89,"column":29},"end":{"line":89,"column":30}},"loc":{"start":{"line":89,"column":60},"end":{"line":101,"column":1}},"line":89},"11":{"name":"(anonymous_11)","decl":{"start":{"line":91,"column":16},"end":{"line":91,"column":17}},"loc":{"start":{"line":91,"column":24},"end":{"line":99,"column":3}},"line":91}},"branchMap":{"0":{"loc":{"start":{"line":9,"column":2},"end":{"line":11,"column":3}},"type":"if","locations":[{"start":{"line":9,"column":2},"end":{"line":11,"column":3}},{"start":{"line":9,"column":2},"end":{"line":11,"column":3}}],"line":9},"1":{"loc":{"start":{"line":13,"column":2},"end":{"line":15,"column":3}},"type":"if","locations":[{"start":{"line":13,"column":2},"end":{"line":15,"column":3}},{"start":{"line":13,"column":2},"end":{"line":15,"column":3}}],"line":13},"2":{"loc":{"start":{"line":17,"column":2},"end":{"line":19,"column":3}},"type":"if","locations":[{"start":{"line":17,"column":2},"end":{"line":19,"column":3}},{"start":{"line":17,"column":2},"end":{"line":19,"column":3}}],"line":17},"3":{"loc":{"start":{"line":21,"column":2},"end":{"line":23,"column":3}},"type":"if","locations":[{"start":{"line":21,"column":2},"end":{"line":23,"column":3}},{"start":{"line":21,"column":2},"end":{"line":23,"column":3}}],"line":21},"4":{"loc":{"start":{"line":25,"column":2},"end":{"line":27,"column":3}},"type":"if","locations":[{"start":{"line":25,"column":2},"end":{"line":27,"column":3}},{"start":{"line":25,"column":2},"end":{"line":27,"column":3}}],"line":25},"5":{"loc":{"start":{"line":25,"column":6},"end":{"line":25,"column":20}},"type":"binary-expr","locations":[{"start":{"line":25,"column":6},"end":{"line":25,"column":11}},{"start":{"line":25,"column":15},"end":{"line":25,"column":20}}],"line":25},"6":{"loc":{"start":{"line":29,"column":2},"end":{"line":31,"column":3}},"type":"if","locations":[{"start":{"line":29,"column":2},"end":{"line":31,"column":3}},{"start":{"line":29,"column":2},"end":{"line":31,"column":3}}],"line":29},"7":{"loc":{"start":{"line":29,"column":6},"end":{"line":29,"column":28}},"type":"binary-expr","locations":[{"start":{"line":29,"column":6},"end":{"line":29,"column":11}},{"start":{"line":29,"column":15},"end":{"line":29,"column":28}}],"line":29},"8":{"loc":{"start":{"line":33,"column":2},"end":{"line":35,"column":3}},"type":"if","locations":[{"start":{"line":33,"column":2},"end":{"line":35,"column":3}},{"start":{"line":33,"column":2},"end":{"line":35,"column":3}}],"line":33},"9":{"loc":{"start":{"line":33,"column":6},"end":{"line":33,"column":37}},"type":"binary-expr","locations":[{"start":{"line":33,"column":6},"end":{"line":33,"column":20}},{"start":{"line":33,"column":24},"end":{"line":33,"column":37}}],"line":33},"10":{"loc":{"start":{"line":37,"column":2},"end":{"line":39,"column":3}},"type":"if","locations":[{"start":{"line":37,"column":2},"end":{"line":39,"column":3}},{"start":{"line":37,"column":2},"end":{"line":39,"column":3}}],"line":37},"11":{"loc":{"start":{"line":37,"column":6},"end":{"line":37,"column":29}},"type":"binary-expr","locations":[{"start":{"line":37,"column":6},"end":{"line":37,"column":20}},{"start":{"line":37,"column":24},"end":{"line":37,"column":29}}],"line":37},"12":{"loc":{"start":{"line":48,"column":6},"end":{"line":60,"column":7}},"type":"if","locations":[{"start":{"line":48,"column":6},"end":{"line":60,"column":7}},{"start":{"line":48,"column":6},"end":{"line":60,"column":7}}],"line":48},"13":{"loc":{"start":{"line":52,"column":10},"end":{"line":54,"column":11}},"type":"if","locations":[{"start":{"line":52,"column":10},"end":{"line":54,"column":11}},{"start":{"line":52,"column":10},"end":{"line":54,"column":11}}],"line":52},"14":{"loc":{"start":{"line":57,"column":8},"end":{"line":59,"column":9}},"type":"if","locations":[{"start":{"line":57,"column":8},"end":{"line":59,"column":9}},{"start":{"line":57,"column":8},"end":{"line":59,"column":9}}],"line":57},"15":{"loc":{"start":{"line":81,"column":6},"end":{"line":83,"column":7}},"type":"if","locations":[{"start":{"line":81,"column":6},"end":{"line":83,"column":7}},{"start":{"line":81,"column":6},"end":{"line":83,"column":7}}],"line":81},"16":{"loc":{"start":{"line":92,"column":4},"end":{"line":98,"column":5}},"type":"if","locations":[{"start":{"line":92,"column":4},"end":{"line":98,"column":5}},{"start":{"line":92,"column":4},"end":{"line":98,"column":5}}],"line":92},"17":{"loc":{"start":{"line":92,"column":8},"end":{"line":92,"column":77}},"type":"binary-expr","locations":[{"start":{"line":92,"column":8},"end":{"line":92,"column":23}},{"start":{"line":92,"column":27},"end":{"line":92,"column":43}},{"start":{"line":92,"column":48},"end":{"line":92,"column":60}},{"start":{"line":92,"column":64},"end":{"line":92,"column":76}}],"line":92},"18":{"loc":{"start":{"line":94,"column":6},"end":{"line":97,"column":7}},"type":"if","locations":[{"start":{"line":94,"column":6},"end":{"line":97,"column":7}},{"start":{"line":94,"column":6},"end":{"line":97,"column":7}}],"line":94}},"s":{"0":1,"1":0,"2":1,"3":6,"4":6,"5":2,"6":6,"7":4,"8":6,"9":2,"10":6,"11":4,"12":6,"13":0,"14":6,"15":2,"16":6,"17":2,"18":6,"19":2,"20":6,"21":1,"22":2,"23":2,"24":2,"25":4,"26":4,"27":8,"28":6,"29":6,"30":6,"31":18,"32":6,"33":6,"34":6,"35":0,"36":2,"37":1,"38":0,"39":0,"40":0,"41":0,"42":0,"43":1,"44":1,"45":1,"46":2,"47":4,"48":3,"49":1,"50":1,"51":0,"52":0,"53":0,"54":0,"55":0,"56":0,"57":0},"f":{"0":0,"1":6,"2":2,"3":18,"4":0,"5":0,"6":0,"7":1,"8":2,"9":4,"10":0,"11":0},"b":{"0":[2,4],"1":[4,2],"2":[2,4],"3":[4,2],"4":[0,6],"5":[6,2],"6":[2,4],"7":[6,2],"8":[2,4],"9":[6,4],"10":[2,4],"11":[6,4],"12":[6,2],"13":[6,12],"14":[0,6],"15":[3,1],"16":[0,0],"17":[0,0,0,0],"18":[0,0]},"_coverageSchema":"43e27e138ebf9cfc5966b082cf9a028302ed4184","hash":"e1e310186d666e1830ed49656fb73aa93590d00c"}
,"/Users/sushant/Desktop/mine/src/Store/actions/index.js": {"path":"/Users/sushant/Desktop/mine/src/Store/actions/index.js","statementMap":{"0":{"start":{"line":1,"column":27},"end":{"line":3,"column":1}},"1":{"start":{"line":2,"column":2},"end":{"line":2,"column":43}},"2":{"start":{"line":5,"column":28},"end":{"line":7,"column":1}},"3":{"start":{"line":6,"column":2},"end":{"line":6,"column":44}},"4":{"start":{"line":9,"column":27},"end":{"line":11,"column":1}},"5":{"start":{"line":10,"column":2},"end":{"line":10,"column":43}}},"fnMap":{"0":{"name":"(anonymous_0)","decl":{"start":{"line":1,"column":27},"end":{"line":1,"column":28}},"loc":{"start":{"line":1,"column":38},"end":{"line":3,"column":1}},"line":1},"1":{"name":"(anonymous_1)","decl":{"start":{"line":5,"column":28},"end":{"line":5,"column":29}},"loc":{"start":{"line":5,"column":39},"end":{"line":7,"column":1}},"line":5},"2":{"name":"(anonymous_2)","decl":{"start":{"line":9,"column":27},"end":{"line":9,"column":28}},"loc":{"start":{"line":9,"column":38},"end":{"line":11,"column":1}},"line":9}},"branchMap":{},"s":{"0":1,"1":1,"2":1,"3":1,"4":1,"5":1},"f":{"0":1,"1":1,"2":1},"b":{},"_coverageSchema":"43e27e138ebf9cfc5966b082cf9a028302ed4184","hash":"6bd498f0ea44428f88675b9a88b56d4be9f1ea3a"}
,"/Users/sushant/Desktop/mine/src/Store/reducers/boardReducers.js": {"path":"/Users/sushant/Desktop/mine/src/Store/reducers/boardReducers.js","statementMap":{"0":{"start":{"line":1,"column":18},"end":{"line":5,"column":1}},"1":{"start":{"line":6,"column":22},"end":{"line":27,"column":1}},"2":{"start":{"line":8,"column":2},"end":{"line":26,"column":3}},"3":{"start":{"line":10,"column":6},"end":{"line":13,"column":8}},"4":{"start":{"line":15,"column":6},"end":{"line":18,"column":8}},"5":{"start":{"line":20,"column":6},"end":{"line":23,"column":8}},"6":{"start":{"line":25,"column":6},"end":{"line":25,"column":19}}},"fnMap":{"0":{"name":"(anonymous_0)","decl":{"start":{"line":6,"column":22},"end":{"line":6,"column":23}},"loc":{"start":{"line":6,"column":53},"end":{"line":27,"column":1}},"line":6}},"branchMap":{"0":{"loc":{"start":{"line":6,"column":23},"end":{"line":6,"column":40}},"type":"default-arg","locations":[{"start":{"line":6,"column":31},"end":{"line":6,"column":40}}],"line":6},"1":{"loc":{"start":{"line":8,"column":2},"end":{"line":26,"column":3}},"type":"switch","locations":[{"start":{"line":9,"column":4},"end":{"line":13,"column":8}},{"start":{"line":14,"column":4},"end":{"line":18,"column":8}},{"start":{"line":19,"column":4},"end":{"line":23,"column":8}},{"start":{"line":24,"column":4},"end":{"line":25,"column":19}}],"line":8}},"s":{"0":1,"1":1,"2":4,"3":1,"4":1,"5":1,"6":1},"f":{"0":4},"b":{"0":[1],"1":[1,1,1,1]},"_coverageSchema":"43e27e138ebf9cfc5966b082cf9a028302ed4184","hash":"530aaa6786532f3419fd8d854a504a841a7dba6e"}
,"/Users/sushant/Desktop/mine/src/Store/reducers/gameReducers.js": {"path":"/Users/sushant/Desktop/mine/src/Store/reducers/gameReducers.js","statementMap":{"0":{"start":{"line":1,"column":18},"end":{"line":5,"column":1}},"1":{"start":{"line":6,"column":21},"end":{"line":8,"column":1}},"2":{"start":{"line":7,"column":2},"end":{"line":7,"column":15}}},"fnMap":{"0":{"name":"(anonymous_0)","decl":{"start":{"line":6,"column":21},"end":{"line":6,"column":22}},"loc":{"start":{"line":6,"column":44},"end":{"line":8,"column":1}},"line":6}},"branchMap":{"0":{"loc":{"start":{"line":6,"column":22},"end":{"line":6,"column":39}},"type":"default-arg","locations":[{"start":{"line":6,"column":30},"end":{"line":6,"column":39}}],"line":6}},"s":{"0":1,"1":1,"2":1},"f":{"0":1},"b":{"0":[1]},"_coverageSchema":"43e27e138ebf9cfc5966b082cf9a028302ed4184","hash":"05d34affadad5c3cd5a1f1031a36655349cb7af4"}
}
