TN:
SF:/Users/sushant/Desktop/mine/src/Store/actions/index.js
FN:1,(anonymous_0)
FN:5,(anonymous_1)
FN:9,(anonymous_2)
FNF:3
FNH:3
FNDA:1,(anonymous_0)
FNDA:1,(anonymous_1)
FNDA:1,(anonymous_2)
DA:1,1
DA:2,1
DA:5,1
DA:6,1
DA:9,1
DA:10,1
LF:6
LH:6
BRF:0
BRH:0
end_of_record
TN:
SF:/Users/sushant/Desktop/mine/src/Store/reducers/boardReducers.js
FN:6,(anonymous_0)
FNF:1
FNH:1
FNDA:4,(anonymous_0)
DA:1,1
DA:6,1
DA:8,4
DA:10,1
DA:15,1
DA:20,1
DA:25,1
LF:7
LH:7
BRDA:6,0,0,1
BRDA:8,1,0,1
BRDA:8,1,1,1
BRDA:8,1,2,1
BRDA:8,1,3,1
BRF:5
BRH:5
end_of_record
TN:
SF:/Users/sushant/Desktop/mine/src/Store/reducers/gameReducers.js
FN:6,(anonymous_0)
FNF:1
FNH:1
FNDA:1,(anonymous_0)
DA:1,1
DA:6,1
DA:7,1
LF:3
LH:3
BRDA:6,0,0,1
BRF:1
BRH:1
end_of_record
