TN:
SF:/Users/sushant/Desktop/mine/src/Components/Helpers/index.js
FN:2,(anonymous_0)
FN:6,(anonymous_1)
FN:51,(anonymous_2)
FN:59,(anonymous_3)
FN:74,(anonymous_4)
FN:76,(anonymous_5)
FN:77,(anonymous_6)
FN:84,(anonymous_7)
FN:87,(anonymous_8)
FN:88,(anonymous_9)
FN:97,(anonymous_10)
FN:99,(anonymous_11)
FNF:12
FNH:6
FNDA:0,(anonymous_0)
FNDA:6,(anonymous_1)
FNDA:2,(anonymous_2)
FNDA:18,(anonymous_3)
FNDA:0,(anonymous_4)
FNDA:0,(anonymous_5)
FNDA:0,(anonymous_6)
FNDA:1,(anonymous_7)
FNDA:2,(anonymous_8)
FNDA:4,(anonymous_9)
FNDA:0,(anonymous_10)
FNDA:0,(anonymous_11)
DA:2,1
DA:3,0
DA:6,1
DA:7,6
DA:10,6
DA:11,2
DA:15,6
DA:16,4
DA:20,6
DA:21,2
DA:25,6
DA:26,4
DA:30,6
DA:31,0
DA:35,6
DA:36,2
DA:40,6
DA:41,2
DA:45,6
DA:46,2
DA:48,6
DA:51,1
DA:52,2
DA:53,2
DA:54,4
DA:56,8
DA:57,6
DA:58,6
DA:59,6
DA:60,18
DA:61,6
DA:64,6
DA:65,6
DA:66,0
DA:71,2
DA:74,1
DA:75,0
DA:76,0
DA:77,0
DA:78,0
DA:81,0
DA:84,1
DA:86,1
DA:87,1
DA:88,2
DA:89,4
DA:90,3
DA:94,1
DA:97,1
DA:98,0
DA:99,0
DA:100,0
DA:101,0
DA:102,0
DA:104,0
DA:108,0
LF:56
LH:41
BRDA:10,0,0,2
BRDA:10,0,1,4
BRDA:15,1,0,4
BRDA:15,1,1,2
BRDA:20,2,0,2
BRDA:20,2,1,4
BRDA:25,3,0,4
BRDA:25,3,1,2
BRDA:30,4,0,0
BRDA:30,4,1,6
BRDA:30,5,0,6
BRDA:30,5,1,2
BRDA:35,6,0,2
BRDA:35,6,1,4
BRDA:35,7,0,6
BRDA:35,7,1,2
BRDA:40,8,0,2
BRDA:40,8,1,4
BRDA:40,9,0,6
BRDA:40,9,1,4
BRDA:45,10,0,2
BRDA:45,10,1,4
BRDA:45,11,0,6
BRDA:45,11,1,4
BRDA:56,12,0,6
BRDA:56,12,1,2
BRDA:60,13,0,6
BRDA:60,13,1,12
BRDA:65,14,0,0
BRDA:65,14,1,6
BRDA:89,15,0,3
BRDA:89,15,1,1
BRDA:100,16,0,0
BRDA:100,16,1,0
BRDA:100,17,0,0
BRDA:100,17,1,0
BRDA:100,17,2,0
BRDA:100,17,3,0
BRDA:102,18,0,0
BRDA:102,18,1,0
BRF:40
BRH:30
end_of_record
TN:
SF:/Users/sushant/Desktop/mine/src/Store/actions/index.js
FN:1,(anonymous_0)
FN:5,(anonymous_1)
FN:9,(anonymous_2)
FNF:3
FNH:3
FNDA:1,(anonymous_0)
FNDA:1,(anonymous_1)
FNDA:1,(anonymous_2)
DA:1,1
DA:2,1
DA:5,1
DA:6,1
DA:9,1
DA:10,1
LF:6
LH:6
BRF:0
BRH:0
end_of_record
TN:
SF:/Users/sushant/Desktop/mine/src/Store/reducers/boardReducers.js
FN:6,(anonymous_0)
FNF:1
FNH:1
FNDA:4,(anonymous_0)
DA:1,1
DA:6,1
DA:8,4
DA:10,1
DA:15,1
DA:20,1
DA:25,1
LF:7
LH:7
BRDA:6,0,0,1
BRDA:8,1,0,1
BRDA:8,1,1,1
BRDA:8,1,2,1
BRDA:8,1,3,1
BRF:5
BRH:5
end_of_record
TN:
SF:/Users/sushant/Desktop/mine/src/Store/reducers/gameReducers.js
FN:6,(anonymous_0)
FNF:1
FNH:1
FNDA:1,(anonymous_0)
DA:1,1
DA:6,1
DA:7,1
LF:3
LH:3
BRDA:6,0,0,1
BRF:1
BRH:1
end_of_record
